<?xml version="1.0" encoding="UTF-8"?>
<!-- Generated by org.testng.reporters.JUnitXMLReporter -->
<testsuite hostname="DESKTOP-QA7T95C" ignored="0" name="Default test" tests="3" failures="0" timestamp="2022-01-16T22:35:36 IST" time="42.36" errors="0">
  <testcase name="validateForgotPasswordlinkTest" time="1.661" classname="qaorangehrm.tests.LoginPageTests"/>
  <testcase name="validateLoginTest" time="6.401" classname="qaorangehrm.tests.LoginPageTests"/>
  <testcase name="validateLogoTest" time="0.118" classname="qaorangehrm.tests.LoginPageTests"/>
</testsuite> <!-- Default test -->
